D:\vs程序\vs2010\第十章\SITF特征匹配\Debug\imgShow.exe
D:\vs程序\vs2010\第十章\SITF特征匹配\Debug\imgShow.ilk
D:\vs程序\vs2010\第十章\SITF特征匹配\Debug\imgShow.pdb
D:\vs程序\vs2010\第十章\SITF特征匹配\imgShow\Debug\cl.command.1.tlog
D:\vs程序\vs2010\第十章\SITF特征匹配\imgShow\Debug\CL.read.1.tlog
D:\vs程序\vs2010\第十章\SITF特征匹配\imgShow\Debug\CL.write.1.tlog
D:\vs程序\vs2010\第十章\SITF特征匹配\imgShow\Debug\imgfeatures.obj
D:\vs程序\vs2010\第十章\SITF特征匹配\imgShow\Debug\imgShow.exe.embed.manifest
D:\vs程序\vs2010\第十章\SITF特征匹配\imgShow\Debug\imgShow.exe.embed.manifest.res
D:\vs程序\vs2010\第十章\SITF特征匹配\imgShow\Debug\imgShow.exe.intermediate.manifest
D:\vs程序\vs2010\第十章\SITF特征匹配\imgShow\Debug\imgShow.pch
D:\vs程序\vs2010\第十章\SITF特征匹配\imgShow\Debug\imgShow_manifest.rc
D:\vs程序\vs2010\第十章\SITF特征匹配\imgShow\Debug\link.2832.read.1.tlog
D:\vs程序\vs2010\第十章\SITF特征匹配\imgShow\Debug\link.2832.write.1.tlog
D:\vs程序\vs2010\第十章\SITF特征匹配\imgShow\Debug\link.2832-cvtres.read.1.tlog
D:\vs程序\vs2010\第十章\SITF特征匹配\imgShow\Debug\link.2832-cvtres.write.1.tlog
D:\vs程序\vs2010\第十章\SITF特征匹配\imgShow\Debug\link.command.1.tlog
D:\vs程序\vs2010\第十章\SITF特征匹配\imgShow\Debug\link.read.1.tlog
D:\vs程序\vs2010\第十章\SITF特征匹配\imgShow\Debug\link.write.1.tlog
D:\vs程序\vs2010\第十章\SITF特征匹配\imgShow\Debug\link-cvtres.read.1.tlog
D:\vs程序\vs2010\第十章\SITF特征匹配\imgShow\Debug\link-cvtres.write.1.tlog
D:\vs程序\vs2010\第十章\SITF特征匹配\imgShow\Debug\mt.command.1.tlog
D:\vs程序\vs2010\第十章\SITF特征匹配\imgShow\Debug\mt.read.1.tlog
D:\vs程序\vs2010\第十章\SITF特征匹配\imgShow\Debug\mt.write.1.tlog
D:\vs程序\vs2010\第十章\SITF特征匹配\imgShow\Debug\rc.command.1.tlog
D:\vs程序\vs2010\第十章\SITF特征匹配\imgShow\Debug\rc.read.1.tlog
D:\vs程序\vs2010\第十章\SITF特征匹配\imgShow\Debug\rc.write.1.tlog
D:\vs程序\vs2010\第十章\SITF特征匹配\imgShow\Debug\sift.obj
D:\vs程序\vs2010\第十章\SITF特征匹配\imgShow\Debug\siftfeat.obj
D:\vs程序\vs2010\第十章\SITF特征匹配\imgShow\Debug\stdafx.obj
D:\vs程序\vs2010\第十章\SITF特征匹配\imgShow\Debug\utils.obj
D:\vs程序\vs2010\第十章\SITF特征匹配\imgShow\Debug\vc100.idb
D:\vs程序\vs2010\第十章\SITF特征匹配\imgShow\Debug\vc100.pdb
D:\VS程序\VS2010\第十章\SITF特征提取\DEBUG\IMGSHOW.EXE
D:\VS程序\VS2010\第十章\SITF特征提取\DEBUG\IMGSHOW.ILK
D:\VS程序\VS2010\第十章\SITF特征提取\DEBUG\IMGSHOW.PDB
D:\VS程序\VS2010\第十章\SITF特征提取\IMGSHOW\DEBUG\IMGFEATURES.OBJ
D:\VS程序\VS2010\第十章\SITF特征提取\IMGSHOW\DEBUG\IMGSHOW.EXE.EMBED.MANIFEST
D:\VS程序\VS2010\第十章\SITF特征提取\IMGSHOW\DEBUG\IMGSHOW.EXE.EMBED.MANIFEST.RES
D:\VS程序\VS2010\第十章\SITF特征提取\IMGSHOW\DEBUG\IMGSHOW.EXE.INTERMEDIATE.MANIFEST
D:\VS程序\VS2010\第十章\SITF特征提取\IMGSHOW\DEBUG\IMGSHOW.PCH
D:\VS程序\VS2010\第十章\SITF特征提取\IMGSHOW\DEBUG\SIFT.OBJ
D:\VS程序\VS2010\第十章\SITF特征提取\IMGSHOW\DEBUG\SIFTFEAT.OBJ
D:\VS程序\VS2010\第十章\SITF特征提取\IMGSHOW\DEBUG\STDAFX.OBJ
D:\VS程序\VS2010\第十章\SITF特征提取\IMGSHOW\DEBUG\UTILS.OBJ
D:\VS程序\VS2010\第十章\SITF特征提取\IMGSHOW\DEBUG\VC100.PDB
