生成启动时间为 2013/11/6 19:17:15。
     1>项目“D:\vs程序\vs2010\第10章\SIFT\SITF特征匹配\imgShow\imgShow.vcxproj”在节点 2 上(rebuild 个目标)。
     1>_PrepareForClean:
         正在删除文件“Debug\opencv.lastbuildstate”。
       InitializeBuildStatus:
         正在创建“Debug\opencv.unsuccessfulbuild”，因为已指定“AlwaysCreate”。
       ClCompile:
         C:\Program Files\Microsoft Visual Studio 10.0\VC\bin\CL.exe /c /ZI /nologo /W3 /WX- /Od /Oy- /D WIN32 /D _DEBUG /D _CONSOLE /D _UNICODE /D UNICODE /Gm /EHsc /RTC1 /MDd /GS /fp:precise /Zc:wchar_t /Zc:forScope /Fo"Debug\\" /Fd"Debug\vc100.pdb" /Gd /TC /analyze- /errorReport:prompt imgfeatures.c kdtree.c match.c minpq.c sift.c utils.c xform.c
         xform.c
     1>d:\vs程序\vs2010\第10章\sift\sitf特征匹配\imgshow\xform.c(31): warning C4042: “unnamed-parameter”: 有坏的存储类
     1>d:\vs程序\vs2010\第10章\sift\sitf特征匹配\imgshow\xform.c(95): warning C4244: “函数”: 从“time_t”转换到“unsigned int”，可能丢失数据
         utils.c
         sift.c
     1>d:\vs程序\vs2010\第10章\sift\sitf特征匹配\imgshow\sift.c(128): warning C4244: “=”: 从“double”转换到“int”，可能丢失数据
     1>d:\vs程序\vs2010\第10章\sift\sitf特征匹配\imgshow\sift.c(178): warning C4244: “=”: 从“double”转换到“float”，可能丢失数据
     1>d:\vs程序\vs2010\第10章\sift\sitf特征匹配\imgshow\sift.c(188): warning C4244: “=”: 从“double”转换到“float”，可能丢失数据
     1>d:\vs程序\vs2010\第10章\sift\sitf特征匹配\imgshow\sift.c(1060): warning C4244: “=”: 从“double”转换到“int”，可能丢失数据
     1>d:\vs程序\vs2010\第10章\sift\sitf特征匹配\imgshow\sift.c(1181): warning C4244: “=”: 从“double”转换到“int”，可能丢失数据
         minpq.c
         match.c
         kdtree.c
     1>d:\vs程序\vs2010\第10章\sift\sitf特征匹配\imgshow\kdtree.c(557): warning C4244: “函数”: 从“double”转换到“int”，可能丢失数据
         imgfeatures.c
     1>d:\vs程序\vs2010\第10章\sift\sitf特征匹配\imgshow\imgfeatures.c(379): warning C4244: “函数”: 从“double”转换到“int”，可能丢失数据
     1>d:\vs程序\vs2010\第10章\sift\sitf特征匹配\imgshow\imgfeatures.c(379): warning C4244: “函数”: 从“double”转换到“int”，可能丢失数据
     1>d:\vs程序\vs2010\第10章\sift\sitf特征匹配\imgshow\imgfeatures.c(379): warning C4244: “函数”: 从“double”转换到“int”，可能丢失数据
     1>d:\vs程序\vs2010\第10章\sift\sitf特征匹配\imgshow\imgfeatures.c(379): warning C4244: “函数”: 从“double”转换到“int”，可能丢失数据
     1>d:\vs程序\vs2010\第10章\sift\sitf特征匹配\imgshow\imgfeatures.c(381): warning C4244: “函数”: 从“double”转换到“int”，可能丢失数据
     1>d:\vs程序\vs2010\第10章\sift\sitf特征匹配\imgshow\imgfeatures.c(381): warning C4244: “函数”: 从“double”转换到“int”，可能丢失数据
     1>d:\vs程序\vs2010\第10章\sift\sitf特征匹配\imgshow\imgfeatures.c(381): warning C4244: “函数”: 从“double”转换到“int”，可能丢失数据
     1>d:\vs程序\vs2010\第10章\sift\sitf特征匹配\imgshow\imgfeatures.c(381): warning C4244: “函数”: 从“double”转换到“int”，可能丢失数据
     1>d:\vs程序\vs2010\第10章\sift\sitf特征匹配\imgshow\imgfeatures.c(383): warning C4244: “函数”: 从“double”转换到“int”，可能丢失数据
     1>d:\vs程序\vs2010\第10章\sift\sitf特征匹配\imgshow\imgfeatures.c(383): warning C4244: “函数”: 从“double”转换到“int”，可能丢失数据
     1>d:\vs程序\vs2010\第10章\sift\sitf特征匹配\imgshow\imgfeatures.c(383): warning C4244: “函数”: 从“double”转换到“int”，可能丢失数据
     1>d:\vs程序\vs2010\第10章\sift\sitf特征匹配\imgshow\imgfeatures.c(383): warning C4244: “函数”: 从“double”转换到“int”，可能丢失数据
     1>d:\vs程序\vs2010\第10章\sift\sitf特征匹配\imgshow\imgfeatures.c(385): warning C4244: “函数”: 从“double”转换到“int”，可能丢失数据
     1>d:\vs程序\vs2010\第10章\sift\sitf特征匹配\imgshow\imgfeatures.c(385): warning C4244: “函数”: 从“double”转换到“int”，可能丢失数据
     1>d:\vs程序\vs2010\第10章\sift\sitf特征匹配\imgshow\imgfeatures.c(385): warning C4244: “函数”: 从“double”转换到“int”，可能丢失数据
     1>d:\vs程序\vs2010\第10章\sift\sitf特征匹配\imgshow\imgfeatures.c(385): warning C4244: “函数”: 从“double”转换到“int”，可能丢失数据
         正在生成代码...
         C:\Program Files\Microsoft Visual Studio 10.0\VC\bin\CL.exe /c /ZI /nologo /W3 /WX- /Od /Oy- /D WIN32 /D _DEBUG /D _CONSOLE /D _UNICODE /D UNICODE /Gm /EHsc /RTC1 /MDd /GS /fp:precise /Zc:wchar_t /Zc:forScope /Fo"Debug\\" /Fd"Debug\vc100.pdb" /Gd /TP /analyze- /errorReport:prompt stdafx.cpp
         stdafx.cpp
       ManifestResourceCompile:
         C:\Program Files\Microsoft SDKs\Windows\v7.0A\bin\rc.exe /nologo /fo"Debug\opencv.exe.embed.manifest.res" Debug\opencv_manifest.rc 
       Link:
         C:\Program Files\Microsoft Visual Studio 10.0\VC\bin\link.exe /ERRORREPORT:PROMPT /OUT:"D:\vs程序\vs2010\第10章\SIFT\SITF特征匹配\Debug\opencv.exe" /INCREMENTAL /NOLOGO kernel32.lib user32.lib gdi32.lib winspool.lib comdlg32.lib advapi32.lib shell32.lib ole32.lib oleaut32.lib uuid.lib odbc32.lib odbccp32.lib D:\openCv2.3.1\opencv\build\x86\vc10\lib\opencv_highgui231d.lib opencv_calib3d231d.lib opencv_contrib231d.lib opencv_core231d.lib opencv_features2d231d.lib opencv_flann231d.lib opencv_gpu231d.lib opencv_highgui231d.lib opencv_imgproc231d.lib opencv_legacy231d.lib opencv_ml231d.lib opencv_objdetect231d.lib opencv_ts231d.lib opencv_video231d.lib /MANIFEST /ManifestFile:"Debug\opencv.exe.intermediate.manifest" /MANIFESTUAC:"level='asInvoker' uiAccess='false'" /DEBUG /PDB:"D:\vs程序\vs2010\第10章\SIFT\SITF特征匹配\Debug\opencv.pdb" /SUBSYSTEM:CONSOLE /TLBID:1 /DYNAMICBASE /NXCOMPAT /IMPLIB:"D:\vs程序\vs2010\第10章\SIFT\SITF特征匹配\Debug\opencv.lib" /MACHINE:X86 Debug\opencv.exe.embed.manifest.res
         Debug\imgfeatures.obj
         Debug\kdtree.obj
         Debug\match.obj
         Debug\minpq.obj
         Debug\sift.obj
         Debug\stdafx.obj
         Debug\utils.obj
         Debug\xform.obj
       Manifest:
         正在删除文件“Debug\opencv.exe.embed.manifest”。
         C:\Program Files\Microsoft SDKs\Windows\v7.0A\bin\mt.exe /nologo /verbose /out:"Debug\opencv.exe.embed.manifest" /manifest Debug\opencv.exe.intermediate.manifest
         C:\Program Files\Microsoft SDKs\Windows\v7.0A\bin\rc.exe /nologo /fo"Debug\opencv.exe.embed.manifest.res" Debug\opencv_manifest.rc 
       LinkEmbedManifest:
         C:\Program Files\Microsoft Visual Studio 10.0\VC\bin\link.exe /ERRORREPORT:PROMPT /OUT:"D:\vs程序\vs2010\第10章\SIFT\SITF特征匹配\Debug\opencv.exe" /INCREMENTAL /NOLOGO kernel32.lib user32.lib gdi32.lib winspool.lib comdlg32.lib advapi32.lib shell32.lib ole32.lib oleaut32.lib uuid.lib odbc32.lib odbccp32.lib D:\openCv2.3.1\opencv\build\x86\vc10\lib\opencv_highgui231d.lib opencv_calib3d231d.lib opencv_contrib231d.lib opencv_core231d.lib opencv_features2d231d.lib opencv_flann231d.lib opencv_gpu231d.lib opencv_highgui231d.lib opencv_imgproc231d.lib opencv_legacy231d.lib opencv_ml231d.lib opencv_objdetect231d.lib opencv_ts231d.lib opencv_video231d.lib /MANIFEST /ManifestFile:"Debug\opencv.exe.intermediate.manifest" /MANIFESTUAC:"level='asInvoker' uiAccess='false'" /DEBUG /PDB:"D:\vs程序\vs2010\第10章\SIFT\SITF特征匹配\Debug\opencv.pdb" /SUBSYSTEM:CONSOLE /TLBID:1 /DYNAMICBASE /NXCOMPAT /IMPLIB:"D:\vs程序\vs2010\第10章\SIFT\SITF特征匹配\Debug\opencv.lib" /MACHINE:X86 Debug\opencv.exe.embed.manifest.res
         Debug\imgfeatures.obj
         Debug\kdtree.obj
         Debug\match.obj
         Debug\minpq.obj
         Debug\sift.obj
         Debug\stdafx.obj
         Debug\utils.obj
         Debug\xform.obj
         imgShow.vcxproj -> D:\vs程序\vs2010\第10章\SIFT\SITF特征匹配\Debug\opencv.exe
       FinalizeBuildStatus:
         正在删除文件“Debug\opencv.unsuccessfulbuild”。
         正在对“Debug\opencv.lastbuildstate”执行 Touch 任务。
     1>已完成生成项目“D:\vs程序\vs2010\第10章\SIFT\SITF特征匹配\imgShow\imgShow.vcxproj”(rebuild 个目标)的操作。

生成成功。

已用时间 00:00:05.35
