D:\VS程序\VS2010\第10章\SIFT\SITF特征匹配\DEBUG\OPENCV.EXE
D:\VS程序\VS2010\第10章\SIFT\SITF特征匹配\DEBUG\OPENCV.ILK
D:\VS程序\VS2010\第10章\SIFT\SITF特征匹配\DEBUG\OPENCV.PDB
D:\vs程序\vs2010\第10章\SIFT\SITF特征匹配\imgShow\Debug\cl.command.1.tlog
D:\vs程序\vs2010\第10章\SIFT\SITF特征匹配\imgShow\Debug\CL.read.1.tlog
D:\vs程序\vs2010\第10章\SIFT\SITF特征匹配\imgShow\Debug\CL.write.1.tlog
D:\VS程序\VS2010\第10章\SIFT\SITF特征匹配\IMGSHOW\DEBUG\IMGFEATURES.OBJ
D:\VS程序\VS2010\第10章\SIFT\SITF特征匹配\IMGSHOW\DEBUG\KDTREE.OBJ
D:\vs程序\vs2010\第10章\SIFT\SITF特征匹配\imgShow\Debug\link.command.1.tlog
D:\vs程序\vs2010\第10章\SIFT\SITF特征匹配\imgShow\Debug\link.read.1.tlog
D:\vs程序\vs2010\第10章\SIFT\SITF特征匹配\imgShow\Debug\link.write.1.tlog
D:\vs程序\vs2010\第10章\SIFT\SITF特征匹配\imgShow\Debug\link-cvtres.read.1.tlog
D:\vs程序\vs2010\第10章\SIFT\SITF特征匹配\imgShow\Debug\link-cvtres.write.1.tlog
D:\VS程序\VS2010\第10章\SIFT\SITF特征匹配\IMGSHOW\DEBUG\MATCH.OBJ
D:\VS程序\VS2010\第10章\SIFT\SITF特征匹配\IMGSHOW\DEBUG\MINPQ.OBJ
D:\vs程序\vs2010\第10章\SIFT\SITF特征匹配\imgShow\Debug\mt.command.1.tlog
D:\vs程序\vs2010\第10章\SIFT\SITF特征匹配\imgShow\Debug\mt.read.1.tlog
D:\vs程序\vs2010\第10章\SIFT\SITF特征匹配\imgShow\Debug\mt.write.1.tlog
D:\VS程序\VS2010\第10章\SIFT\SITF特征匹配\IMGSHOW\DEBUG\OPENCV.EXE.EMBED.MANIFEST
D:\VS程序\VS2010\第10章\SIFT\SITF特征匹配\IMGSHOW\DEBUG\OPENCV.EXE.EMBED.MANIFEST.RES
D:\VS程序\VS2010\第10章\SIFT\SITF特征匹配\IMGSHOW\DEBUG\OPENCV.EXE.INTERMEDIATE.MANIFEST
D:\vs程序\vs2010\第10章\SIFT\SITF特征匹配\imgShow\Debug\opencv_manifest.rc
D:\vs程序\vs2010\第10章\SIFT\SITF特征匹配\imgShow\Debug\rc.command.1.tlog
D:\vs程序\vs2010\第10章\SIFT\SITF特征匹配\imgShow\Debug\rc.read.1.tlog
D:\vs程序\vs2010\第10章\SIFT\SITF特征匹配\imgShow\Debug\rc.write.1.tlog
D:\VS程序\VS2010\第10章\SIFT\SITF特征匹配\IMGSHOW\DEBUG\SIFT.OBJ
D:\VS程序\VS2010\第10章\SIFT\SITF特征匹配\IMGSHOW\DEBUG\STDAFX.OBJ
D:\VS程序\VS2010\第10章\SIFT\SITF特征匹配\IMGSHOW\DEBUG\UTILS.OBJ
D:\vs程序\vs2010\第10章\SIFT\SITF特征匹配\imgShow\Debug\vc100.idb
D:\VS程序\VS2010\第10章\SIFT\SITF特征匹配\IMGSHOW\DEBUG\VC100.PDB
D:\VS程序\VS2010\第10章\SIFT\SITF特征匹配\IMGSHOW\DEBUG\XFORM.OBJ
